I'm sorry, but an uncaught exception occurred.

While running game code:
  File "game/script.rpy", line 146, in script call
    call screen hotelroom with fade
  File "game/script.rpy", line 221, in script call
    call screen hotelroommove
  File "game/script.rpy", line 299, in script call
    call screen hotelhallway with fade
  File "game/script.rpy", line 324, in script call
    call screen hotelhallwaymove
  File "game/script.rpy", line 341, in script
    label hotellobbylow:
Exception: Arguments supplied, but parameter list not present

-- Full Traceback ------------------------------------------------------------

Full traceback:
  File "game/script.rpy", line 146, in script call
    call screen hotelroom with fade
  File "game/script.rpy", line 221, in script call
    call screen hotelroommove
  File "game/script.rpy", line 299, in script call
    call screen hotelhallway with fade
  File "game/script.rpy", line 324, in script call
    call screen hotelhallwaymove
  File "game/script.rpy", line 341, in script
    label hotellobbylow:
  File "/Users/Rebekah/Desktop/renpy-7.3.5-sdk/renpy/ast.py", line 855, in execute
    values = apply_arguments(self.parameters, renpy.store._args, renpy.store._kwargs)
  File "/Users/Rebekah/Desktop/renpy-7.3.5-sdk/renpy/ast.py", line 154, in apply_arguments
    raise Exception("Arguments supplied, but parameter list not present")
Exception: Arguments supplied, but parameter list not present

Darwin-18.7.0-x86_64-i386-64bit
Ren'Py 7.3.5.606
Detective Veta 1.0
Tue Jun 30 01:50:23 2020
